<?xml version="1.0" encoding="UTF-8"?>
<coverage generated="1375009559">
  <project timestamp="1375009559">
    <file name="/var/lib/jenkins/jobs/Imperial_Invites/workspace/deployed/build/tests/phpunit/bootstrap.php">
      <class name="bootStrapForTests" namespace="global">
        <metrics methods="2" coveredmethods="1" conditionals="0" coveredconditionals="0" statements="14" coveredstatements="2" elements="16" coveredelements="3"/>
      </class>
      <line num="3" type="stmt" count="1"/>
      <line num="4" type="stmt" count="1"/>
      <line num="6" type="stmt" count="1"/>
      <line num="7" type="stmt" count="0"/>
      <line num="8" type="stmt" count="0"/>
      <line num="9" type="stmt" count="0"/>
      <line num="10" type="stmt" count="0"/>
      <line num="11" type="stmt" count="0"/>
      <line num="15" type="method" name="launch" crap="1" count="1"/>
      <line num="16" type="stmt" count="1"/>
      <line num="17" type="stmt" count="1"/>
      <line num="19" type="method" name="getMysqlI" crap="12" count="0"/>
      <line num="21" type="stmt" count="0"/>
      <line num="22" type="stmt" count="0"/>
      <line num="23" type="stmt" count="0"/>
      <line num="24" type="stmt" count="0"/>
      <line num="27" type="stmt" count="0"/>
      <line num="28" type="stmt" count="0"/>
      <line num="29" type="stmt" count="0"/>
      <line num="30" type="stmt" count="0"/>
      <line num="31" type="stmt" count="0"/>
      <line num="32" type="stmt" count="0"/>
      <line num="33" type="stmt" count="0"/>
      <line num="34" type="stmt" count="0"/>
      <metrics loc="35" ncloc="35" classes="1" methods="2" coveredmethods="1" conditionals="0" coveredconditionals="0" statements="22" coveredstatements="5" elements="24" coveredelements="6"/>
    </file>
    <metrics files="1" loc="35" ncloc="35" classes="1" methods="2" coveredmethods="1" conditionals="0" coveredconditionals="0" statements="22" coveredstatements="5" elements="24" coveredelements="6"/>
  </project>
</coverage>
